Hit:1 http://security.ubuntu.com/ubuntu plucky-security InRelease
Hit:2 http://gb.archive.ubuntu.com/ubuntu plucky InRelease
Hit:3 http://archive.ubuntu.com/ubuntu plucky InRelease
Hit:4 http://archive.ubuntu.com/ubuntu plucky-updates InRelease
Reading package lists...
Get:1 http://archive.ubuntu.com/ubuntu questing-updates InRelease [136 kB]
Get:2 http://archive.ubuntu.com/ubuntu questing-backports InRelease [133 kB]
Get:3 http://archive.ubuntu.com/ubuntu questing-security InRelease [136 kB]
Hit:4 http://archive.ubuntu.com/ubuntu questing InRelease
Get:5 http://archive.ubuntu.com/ubuntu questing-updates/main amd64 Components [36.7 kB]
Get:6 http://archive.ubuntu.com/ubuntu questing-updates/restricted amd64 Components [212 B]
Get:7 http://archive.ubuntu.com/ubuntu questing-updates/universe amd64 Components [41.3 kB]
Get:8 http://archive.ubuntu.com/ubuntu questing-updates/multiverse amd64 Components [212 B]
Get:9 http://archive.ubuntu.com/ubuntu questing-backports/main amd64 Components [212 B]
Get:10 http://archive.ubuntu.com/ubuntu questing-backports/restricted amd64 Components [216 B]
Get:11 http://archive.ubuntu.com/ubuntu questing-backports/universe amd64 Components [216 B]
Get:12 http://archive.ubuntu.com/ubuntu questing-backports/multiverse amd64 Components [216 B]
Get:13 http://archive.ubuntu.com/ubuntu questing-security/main amd64 Components [448 B]
Get:14 http://archive.ubuntu.com/ubuntu questing-security/restricted amd64 Components [212 B]
Get:15 http://archive.ubuntu.com/ubuntu questing-security/universe amd64 Components [10.1 kB]
Get:16 http://archive.ubuntu.com/ubuntu questing-security/multiverse amd64 Components [212 B]
Fetched 494 kB in 2s (293 kB/s)
Reading package lists...
Get:1 http://archive.ubuntu.com/ubuntu questing-updates InRelease [136 kB]
Get:2 http://archive.ubuntu.com/ubuntu questing-backports InRelease [133 kB]
Get:3 http://archive.ubuntu.com/ubuntu questing-security InRelease [136 kB]
Hit:4 http://archive.ubuntu.com/ubuntu questing InRelease
Get:5 http://archive.ubuntu.com/ubuntu questing-updates/main amd64 Packages [293 kB]
Get:6 http://archive.ubuntu.com/ubuntu questing-updates/main i386 Packages [167 kB]
Get:7 http://archive.ubuntu.com/ubuntu questing-updates/main Translation-en [82.1 kB]
Get:8 http://archive.ubuntu.com/ubuntu questing-updates/main amd64 Components [38.4 kB]
Get:9 http://archive.ubuntu.com/ubuntu questing-updates amd64 Contents (deb) [9,020 kB]
Get:10 http://archive.ubuntu.com/ubuntu questing-updates i386 Contents (deb) [5,038 kB]
Get:11 http://archive.ubuntu.com/ubuntu questing-updates/main amd64 c-n-f Metadata [7,196 B]
Get:12 http://archive.ubuntu.com/ubuntu questing-updates/restricted amd64 Components [212 B]
Get:13 http://archive.ubuntu.com/ubuntu questing-updates/universe amd64 Packages [177 kB]
Get:14 http://archive.ubuntu.com/ubuntu questing-updates/universe i386 Packages [92.1 kB]
Get:15 http://archive.ubuntu.com/ubuntu questing-updates/universe Translation-en [61.8 kB]
Get:16 http://archive.ubuntu.com/ubuntu questing-updates/universe amd64 Components [41.5 kB]
Get:17 http://archive.ubuntu.com/ubuntu questing-updates/universe amd64 c-n-f Metadata [4,492 B]
Get:18 http://archive.ubuntu.com/ubuntu questing-updates/multiverse amd64 Components [212 B]
Get:19 http://archive.ubuntu.com/ubuntu questing-backports/main amd64 Components [212 B]
Get:20 http://archive.ubuntu.com/ubuntu questing-backports/restricted amd64 Components [216 B]
Get:21 http://archive.ubuntu.com/ubuntu questing-backports/universe amd64 Components [216 B]
Get:22 http://archive.ubuntu.com/ubuntu questing-backports/multiverse amd64 Components [216 B]
Get:23 http://archive.ubuntu.com/ubuntu questing-security/main amd64 Components [448 B]
Get:24 http://archive.ubuntu.com/ubuntu questing-security i386 Contents (deb) [3,436 kB]
Get:25 http://archive.ubuntu.com/ubuntu questing-security amd64 Contents (deb) [6,739 kB]
Get:26 http://archive.ubuntu.com/ubuntu questing-security/main amd64 c-n-f Metadata [4,452 B]
Get:27 http://archive.ubuntu.com/ubuntu questing-security/restricted amd64 Components [212 B]
Get:28 http://archive.ubuntu.com/ubuntu questing-security/universe amd64 Components [10.1 kB]
Get:29 http://archive.ubuntu.com/ubuntu questing-security/universe amd64 c-n-f Metadata [3,200 B]
Get:30 http://archive.ubuntu.com/ubuntu questing-security/multiverse amd64 Components [212 B]
Fetched 25.6 MB in 6s (4,004 kB/s)
Reading package lists...
