Get:1 http://archive.ubuntu.com/ubuntu questing-updates InRelease [136 kB]
Get:2 http://archive.ubuntu.com/ubuntu questing-backports InRelease [133 kB]
Get:3 http://archive.ubuntu.com/ubuntu questing-security InRelease [136 kB]
Hit:4 http://archive.ubuntu.com/ubuntu questing InRelease
Get:5 http://archive.ubuntu.com/ubuntu questing-updates/main amd64 Components [37.9 kB]
Get:6 http://archive.ubuntu.com/ubuntu questing-updates/restricted amd64 Components [212 B]
Get:7 http://archive.ubuntu.com/ubuntu questing-updates/universe amd64 Components [41.5 kB]
Get:8 http://archive.ubuntu.com/ubuntu questing-updates/multiverse amd64 Components [212 B]
Get:9 http://archive.ubuntu.com/ubuntu questing-backports/main amd64 Components [212 B]
Get:10 http://archive.ubuntu.com/ubuntu questing-backports/restricted amd64 Components [216 B]
Get:11 http://archive.ubuntu.com/ubuntu questing-backports/universe amd64 Components [216 B]
Get:12 http://archive.ubuntu.com/ubuntu questing-backports/multiverse amd64 Components [216 B]
Get:13 http://archive.ubuntu.com/ubuntu questing-security/main amd64 Components [448 B]
Get:14 http://archive.ubuntu.com/ubuntu questing-security/restricted amd64 Components [212 B]
Get:15 http://archive.ubuntu.com/ubuntu questing-security/universe amd64 Components [10.1 kB]
Get:16 http://archive.ubuntu.com/ubuntu questing-security/multiverse amd64 Components [212 B]
Fetched 496 kB in 1s (456 kB/s)
Reading package lists...
Hit:1 http://archive.ubuntu.com/ubuntu questing-updates InRelease
Hit:2 http://archive.ubuntu.com/ubuntu questing-backports InRelease
Hit:3 http://archive.ubuntu.com/ubuntu questing-security InRelease
Hit:4 http://archive.ubuntu.com/ubuntu questing InRelease
Reading package lists...
Hit:1 http://archive.ubuntu.com/ubuntu questing-updates InRelease
Hit:2 http://archive.ubuntu.com/ubuntu questing-backports InRelease
Hit:3 http://archive.ubuntu.com/ubuntu questing-security InRelease
Hit:4 http://archive.ubuntu.com/ubuntu questing InRelease
Reading package lists...
